<?xml version="1.0" encoding="UTF-8"?>
<!-- Generated by org.testng.reporters.JUnitReportReporter -->
<testsuite hostname="KD" name="com.testcases.NewTest" tests="4" failures="0" timestamp="7 Nov 2015 03:01:01 GMT" time="0.016" errors="0">
  <testcase name="test1" time="0.000" classname="com.testcases.NewTest"/>
  <testcase name="m1" time="0.016" classname="com.testcases.NewTest"/>
  <testcase name="test1" time="0.000" classname="com.testcases.NewTest"/>
  <testcase name="m2" time="0.000" classname="com.testcases.NewTest"/>
</testsuite> <!-- com.testcases.NewTest -->
